<?xml version="1.0" encoding="UTF-8"?>
<testsuite xmlns:xsi="http://www.w3.org/2001/XMLSchema-instance" xsi:noNamespaceSchemaLocation="https://maven.apache.org/surefire/maven-surefire-plugin/xsd/surefire-test-report.xsd" name="com.cda.controller.TenantControllerTest" time="2.241" tests="1" errors="0" skipped="0" failures="0">
  <properties>
    <property name="sun.desktop" value="gnome"/>
    <property name="awt.toolkit" value="sun.awt.X11.XToolkit"/>
    <property name="java.specification.version" value="11"/>
    <property name="sun.cpu.isalist" value=""/>
    <property name="sun.jnu.encoding" value="UTF-8"/>
    <property name="java.class.path" value="/home/lucasheartcliff/projects/multitenant-database-persistence/target/test-classes:/home/lucasheartcliff/projects/multitenant-database-persistence/target/classes:/home/lucasheartcliff/.m2/repository/org/springframework/boot/spring-boot-starter-web/2.5.5/spring-boot-starter-web-2.5.5.jar:/home/lucasheartcliff/.m2/repository/org/springframework/boot/spring-boot-starter/2.5.5/spring-boot-starter-2.5.5.jar:/home/lucasheartcliff/.m2/repository/org/springframework/boot/spring-boot/2.5.5/spring-boot-2.5.5.jar:/home/lucasheartcliff/.m2/repository/org/springframework/boot/spring-boot-autoconfigure/2.5.5/spring-boot-autoconfigure-2.5.5.jar:/home/lucasheartcliff/.m2/repository/org/springframework/boot/spring-boot-starter-logging/2.5.5/spring-boot-starter-logging-2.5.5.jar:/home/lucasheartcliff/.m2/repository/ch/qos/logback/logback-classic/1.2.6/logback-classic-1.2.6.jar:/home/lucasheartcliff/.m2/repository/ch/qos/logback/logback-core/1.2.6/logback-core-1.2.6.jar:/home/lucasheartcliff/.m2/repository/org/apache/logging/log4j/log4j-to-slf4j/2.14.1/log4j-to-slf4j-2.14.1.jar:/home/lucasheartcliff/.m2/repository/org/apache/logging/log4j/log4j-api/2.14.1/log4j-api-2.14.1.jar:/home/lucasheartcliff/.m2/repository/org/slf4j/jul-to-slf4j/1.7.32/jul-to-slf4j-1.7.32.jar:/home/lucasheartcliff/.m2/repository/org/springframework/boot/spring-boot-starter-json/2.5.5/spring-boot-starter-json-2.5.5.jar:/home/lucasheartcliff/.m2/repository/com/fasterxml/jackson/datatype/jackson-datatype-jdk8/2.12.5/jackson-datatype-jdk8-2.12.5.jar:/home/lucasheartcliff/.m2/repository/com/fasterxml/jackson/datatype/jackson-datatype-jsr310/2.12.5/jackson-datatype-jsr310-2.12.5.jar:/home/lucasheartcliff/.m2/repository/com/fasterxml/jackson/module/jackson-module-parameter-names/2.12.5/jackson-module-parameter-names-2.12.5.jar:/home/lucasheartcliff/.m2/repository/org/springframework/spring-web/5.3.10/spring-web-5.3.10.jar:/home/lucasheartcliff/.m2/repository/org/springframework/spring-beans/5.3.10/spring-beans-5.3.10.jar:/home/lucasheartcliff/.m2/repository/org/springframework/spring-webmvc/5.3.10/spring-webmvc-5.3.10.jar:/home/lucasheartcliff/.m2/repository/org/springframework/spring-aop/5.3.10/spring-aop-5.3.10.jar:/home/lucasheartcliff/.m2/repository/org/springframework/spring-context/5.3.10/spring-context-5.3.10.jar:/home/lucasheartcliff/.m2/repository/org/springframework/spring-expression/5.3.10/spring-expression-5.3.10.jar:/home/lucasheartcliff/.m2/repository/org/mariadb/jdbc/mariadb-java-client/3.1.4/mariadb-java-client-3.1.4.jar:/home/lucasheartcliff/.m2/repository/com/github/waffle/waffle-jna/3.2.0/waffle-jna-3.2.0.jar:/home/lucasheartcliff/.m2/repository/net/java/dev/jna/jna/5.12.1/jna-5.12.1.jar:/home/lucasheartcliff/.m2/repository/net/java/dev/jna/jna-platform/5.12.1/jna-platform-5.12.1.jar:/home/lucasheartcliff/.m2/repository/org/slf4j/jcl-over-slf4j/1.7.32/jcl-over-slf4j-1.7.32.jar:/home/lucasheartcliff/.m2/repository/com/github/ben-manes/caffeine/caffeine/2.9.2/caffeine-2.9.2.jar:/home/lucasheartcliff/.m2/repository/org/springframework/boot/spring-boot-starter-tomcat/2.5.5/spring-boot-starter-tomcat-2.5.5.jar:/home/lucasheartcliff/.m2/repository/jakarta/annotation/jakarta.annotation-api/1.3.5/jakarta.annotation-api-1.3.5.jar:/home/lucasheartcliff/.m2/repository/org/apache/tomcat/embed/tomcat-embed-core/9.0.53/tomcat-embed-core-9.0.53.jar:/home/lucasheartcliff/.m2/repository/org/apache/tomcat/embed/tomcat-embed-el/9.0.53/tomcat-embed-el-9.0.53.jar:/home/lucasheartcliff/.m2/repository/org/apache/tomcat/embed/tomcat-embed-websocket/9.0.53/tomcat-embed-websocket-9.0.53.jar:/home/lucasheartcliff/.m2/repository/org/springframework/boot/spring-boot-starter-test/2.5.5/spring-boot-starter-test-2.5.5.jar:/home/lucasheartcliff/.m2/repository/org/springframework/boot/spring-boot-test/2.5.5/spring-boot-test-2.5.5.jar:/home/lucasheartcliff/.m2/repository/org/springframework/boot/spring-boot-test-autoconfigure/2.5.5/spring-boot-test-autoconfigure-2.5.5.jar:/home/lucasheartcliff/.m2/repository/com/jayway/jsonpath/json-path/2.5.0/json-path-2.5.0.jar:/home/lucasheartcliff/.m2/repository/net/minidev/json-smart/2.4.7/json-smart-2.4.7.jar:/home/lucasheartcliff/.m2/repository/net/minidev/accessors-smart/2.4.7/accessors-smart-2.4.7.jar:/home/lucasheartcliff/.m2/repository/org/ow2/asm/asm/9.1/asm-9.1.jar:/home/lucasheartcliff/.m2/repository/jakarta/xml/bind/jakarta.xml.bind-api/2.3.3/jakarta.xml.bind-api-2.3.3.jar:/home/lucasheartcliff/.m2/repository/jakarta/activation/jakarta.activation-api/1.2.2/jakarta.activation-api-1.2.2.jar:/home/lucasheartcliff/.m2/repository/org/assertj/assertj-core/3.19.0/assertj-core-3.19.0.jar:/home/lucasheartcliff/.m2/repository/org/hamcrest/hamcrest/2.2/hamcrest-2.2.jar:/home/lucasheartcliff/.m2/repository/org/junit/jupiter/junit-jupiter/5.7.2/junit-jupiter-5.7.2.jar:/home/lucasheartcliff/.m2/repository/org/junit/jupiter/junit-jupiter-api/5.7.2/junit-jupiter-api-5.7.2.jar:/home/lucasheartcliff/.m2/repository/org/apiguardian/apiguardian-api/1.1.0/apiguardian-api-1.1.0.jar:/home/lucasheartcliff/.m2/repository/org/opentest4j/opentest4j/1.2.0/opentest4j-1.2.0.jar:/home/lucasheartcliff/.m2/repository/org/junit/platform/junit-platform-commons/1.7.2/junit-platform-commons-1.7.2.jar:/home/lucasheartcliff/.m2/repository/org/junit/jupiter/junit-jupiter-params/5.7.2/junit-jupiter-params-5.7.2.jar:/home/lucasheartcliff/.m2/repository/org/junit/jupiter/junit-jupiter-engine/5.7.2/junit-jupiter-engine-5.7.2.jar:/home/lucasheartcliff/.m2/repository/org/junit/platform/junit-platform-engine/1.7.2/junit-platform-engine-1.7.2.jar:/home/lucasheartcliff/.m2/repository/org/mockito/mockito-core/3.9.0/mockito-core-3.9.0.jar:/home/lucasheartcliff/.m2/repository/net/bytebuddy/byte-buddy-agent/1.10.22/byte-buddy-agent-1.10.22.jar:/home/lucasheartcliff/.m2/repository/org/objenesis/objenesis/3.2/objenesis-3.2.jar:/home/lucasheartcliff/.m2/repository/org/mockito/mockito-junit-jupiter/3.9.0/mockito-junit-jupiter-3.9.0.jar:/home/lucasheartcliff/.m2/repository/org/skyscreamer/jsonassert/1.5.0/jsonassert-1.5.0.jar:/home/lucasheartcliff/.m2/repository/com/vaadin/external/google/android-json/0.0.20131108.vaadin1/android-json-0.0.20131108.vaadin1.jar:/home/lucasheartcliff/.m2/repository/org/springframework/spring-core/5.3.10/spring-core-5.3.10.jar:/home/lucasheartcliff/.m2/repository/org/springframework/spring-jcl/5.3.10/spring-jcl-5.3.10.jar:/home/lucasheartcliff/.m2/repository/org/springframework/spring-test/5.3.10/spring-test-5.3.10.jar:/home/lucasheartcliff/.m2/repository/org/xmlunit/xmlunit-core/2.8.2/xmlunit-core-2.8.2.jar:/home/lucasheartcliff/.m2/repository/org/hibernate/hibernate-entitymanager/5.4.32.Final/hibernate-entitymanager-5.4.32.Final.jar:/home/lucasheartcliff/.m2/repository/org/jboss/logging/jboss-logging/3.4.2.Final/jboss-logging-3.4.2.Final.jar:/home/lucasheartcliff/.m2/repository/org/hibernate/hibernate-core/5.4.32.Final/hibernate-core-5.4.32.Final.jar:/home/lucasheartcliff/.m2/repository/antlr/antlr/2.7.7/antlr-2.7.7.jar:/home/lucasheartcliff/.m2/repository/org/jboss/jandex/2.2.3.Final/jandex-2.2.3.Final.jar:/home/lucasheartcliff/.m2/repository/com/fasterxml/classmate/1.5.1/classmate-1.5.1.jar:/home/lucasheartcliff/.m2/repository/org/dom4j/dom4j/2.1.3/dom4j-2.1.3.jar:/home/lucasheartcliff/.m2/repository/org/hibernate/common/hibernate-commons-annotations/5.1.2.Final/hibernate-commons-annotations-5.1.2.Final.jar:/home/lucasheartcliff/.m2/repository/javax/persistence/javax.persistence-api/2.2/javax.persistence-api-2.2.jar:/home/lucasheartcliff/.m2/repository/net/bytebuddy/byte-buddy/1.10.22/byte-buddy-1.10.22.jar:/home/lucasheartcliff/.m2/repository/org/jboss/spec/javax/transaction/jboss-transaction-api_1.2_spec/1.1.1.Final/jboss-transaction-api_1.2_spec-1.1.1.Final.jar:/home/lucasheartcliff/.m2/repository/org/hibernate/hibernate-jpamodelgen/5.4.32.Final/hibernate-jpamodelgen-5.4.32.Final.jar:/home/lucasheartcliff/.m2/repository/javax/xml/bind/jaxb-api/2.3.1/jaxb-api-2.3.1.jar:/home/lucasheartcliff/.m2/repository/org/glassfish/jaxb/jaxb-runtime/2.3.5/jaxb-runtime-2.3.5.jar:/home/lucasheartcliff/.m2/repository/org/glassfish/jaxb/txw2/2.3.5/txw2-2.3.5.jar:/home/lucasheartcliff/.m2/repository/com/sun/istack/istack-commons-runtime/3.0.12/istack-commons-runtime-3.0.12.jar:/home/lucasheartcliff/.m2/repository/com/sun/activation/jakarta.activation/1.2.2/jakarta.activation-1.2.2.jar:/home/lucasheartcliff/.m2/repository/com/zaxxer/HikariCP/5.0.1/HikariCP-5.0.1.jar:/home/lucasheartcliff/.m2/repository/org/slf4j/slf4j-api/1.7.32/slf4j-api-1.7.32.jar:/home/lucasheartcliff/.m2/repository/org/reflections/reflections/0.10.2/reflections-0.10.2.jar:/home/lucasheartcliff/.m2/repository/org/javassist/javassist/3.28.0-GA/javassist-3.28.0-GA.jar:/home/lucasheartcliff/.m2/repository/com/google/code/findbugs/jsr305/3.0.2/jsr305-3.0.2.jar:/home/lucasheartcliff/.m2/repository/org/projectlombok/lombok/1.18.26/lombok-1.18.26.jar:/home/lucasheartcliff/.m2/repository/com/google/guava/guava/31.1-jre/guava-31.1-jre.jar:/home/lucasheartcliff/.m2/repository/com/google/guava/failureaccess/1.0.1/failureaccess-1.0.1.jar:/home/lucasheartcliff/.m2/repository/com/google/guava/listenablefuture/9999.0-empty-to-avoid-conflict-with-guava/listenablefuture-9999.0-empty-to-avoid-conflict-with-guava.jar:/home/lucasheartcliff/.m2/repository/org/checkerframework/checker-qual/3.12.0/checker-qual-3.12.0.jar:/home/lucasheartcliff/.m2/repository/com/google/errorprone/error_prone_annotations/2.11.0/error_prone_annotations-2.11.0.jar:/home/lucasheartcliff/.m2/repository/com/google/j2objc/j2objc-annotations/1.3/j2objc-annotations-1.3.jar:/home/lucasheartcliff/.m2/repository/com/google/code/gson/gson/2.8.8/gson-2.8.8.jar:/home/lucasheartcliff/.m2/repository/com/fasterxml/jackson/core/jackson-core/2.13.0/jackson-core-2.13.0.jar:/home/lucasheartcliff/.m2/repository/com/fasterxml/jackson/core/jackson-databind/2.13.0/jackson-databind-2.13.0.jar:/home/lucasheartcliff/.m2/repository/com/fasterxml/jackson/core/jackson-annotations/2.12.5/jackson-annotations-2.12.5.jar:/home/lucasheartcliff/.m2/repository/com/fasterxml/jackson/dataformat/jackson-dataformat-yaml/2.13.0/jackson-dataformat-yaml-2.13.0.jar:/home/lucasheartcliff/.m2/repository/org/yaml/snakeyaml/1.28/snakeyaml-1.28.jar:/home/lucasheartcliff/.m2/repository/commons-io/commons-io/2.11.0/commons-io-2.11.0.jar:/home/lucasheartcliff/.m2/repository/org/liquibase/liquibase-core/4.22.0/liquibase-core-4.22.0.jar:/home/lucasheartcliff/.m2/repository/com/opencsv/opencsv/5.7.1/opencsv-5.7.1.jar:/home/lucasheartcliff/.m2/repository/org/apache/commons/commons-lang3/3.12.0/commons-lang3-3.12.0.jar:/home/lucasheartcliff/.m2/repository/org/apache/commons/commons-text/1.10.0/commons-text-1.10.0.jar:/home/lucasheartcliff/.m2/repository/org/apache/commons/commons-collections4/4.4/commons-collections4-4.4.jar:/home/lucasheartcliff/.m2/repository/javax/activation/javax.activation-api/1.2.0/javax.activation-api-1.2.0.jar:"/>
    <property name="java.vm.vendor" value="Amazon.com Inc."/>
    <property name="sun.arch.data.model" value="64"/>
    <property name="java.vendor.url" value="https://aws.amazon.com/corretto/"/>
    <property name="user.timezone" value=""/>
    <property name="java.vm.specification.version" value="11"/>
    <property name="os.name" value="Linux"/>
    <property name="sun.java.launcher" value="SUN_STANDARD"/>
    <property name="user.country" value="US"/>
    <property name="sun.boot.library.path" value="/home/lucasheartcliff/.sdkman/candidates/java/11.0.18-amzn/lib"/>
    <property name="sun.java.command" value="/home/lucasheartcliff/projects/multitenant-database-persistence/target/surefire/surefirebooter16676995156536801265.jar /home/lucasheartcliff/projects/multitenant-database-persistence/target/surefire 2023-05-31T18-35-09_799-jvmRun1 surefire5817586815188348609tmp surefire_010230290339667739490tmp"/>
    <property name="jdk.debug" value="release"/>
    <property name="surefire.test.class.path" value="/home/lucasheartcliff/projects/multitenant-database-persistence/target/test-classes:/home/lucasheartcliff/projects/multitenant-database-persistence/target/classes:/home/lucasheartcliff/.m2/repository/org/springframework/boot/spring-boot-starter-web/2.5.5/spring-boot-starter-web-2.5.5.jar:/home/lucasheartcliff/.m2/repository/org/springframework/boot/spring-boot-starter/2.5.5/spring-boot-starter-2.5.5.jar:/home/lucasheartcliff/.m2/repository/org/springframework/boot/spring-boot/2.5.5/spring-boot-2.5.5.jar:/home/lucasheartcliff/.m2/repository/org/springframework/boot/spring-boot-autoconfigure/2.5.5/spring-boot-autoconfigure-2.5.5.jar:/home/lucasheartcliff/.m2/repository/org/springframework/boot/spring-boot-starter-logging/2.5.5/spring-boot-starter-logging-2.5.5.jar:/home/lucasheartcliff/.m2/repository/ch/qos/logback/logback-classic/1.2.6/logback-classic-1.2.6.jar:/home/lucasheartcliff/.m2/repository/ch/qos/logback/logback-core/1.2.6/logback-core-1.2.6.jar:/home/lucasheartcliff/.m2/repository/org/apache/logging/log4j/log4j-to-slf4j/2.14.1/log4j-to-slf4j-2.14.1.jar:/home/lucasheartcliff/.m2/repository/org/apache/logging/log4j/log4j-api/2.14.1/log4j-api-2.14.1.jar:/home/lucasheartcliff/.m2/repository/org/slf4j/jul-to-slf4j/1.7.32/jul-to-slf4j-1.7.32.jar:/home/lucasheartcliff/.m2/repository/org/springframework/boot/spring-boot-starter-json/2.5.5/spring-boot-starter-json-2.5.5.jar:/home/lucasheartcliff/.m2/repository/com/fasterxml/jackson/datatype/jackson-datatype-jdk8/2.12.5/jackson-datatype-jdk8-2.12.5.jar:/home/lucasheartcliff/.m2/repository/com/fasterxml/jackson/datatype/jackson-datatype-jsr310/2.12.5/jackson-datatype-jsr310-2.12.5.jar:/home/lucasheartcliff/.m2/repository/com/fasterxml/jackson/module/jackson-module-parameter-names/2.12.5/jackson-module-parameter-names-2.12.5.jar:/home/lucasheartcliff/.m2/repository/org/springframework/spring-web/5.3.10/spring-web-5.3.10.jar:/home/lucasheartcliff/.m2/repository/org/springframework/spring-beans/5.3.10/spring-beans-5.3.10.jar:/home/lucasheartcliff/.m2/repository/org/springframework/spring-webmvc/5.3.10/spring-webmvc-5.3.10.jar:/home/lucasheartcliff/.m2/repository/org/springframework/spring-aop/5.3.10/spring-aop-5.3.10.jar:/home/lucasheartcliff/.m2/repository/org/springframework/spring-context/5.3.10/spring-context-5.3.10.jar:/home/lucasheartcliff/.m2/repository/org/springframework/spring-expression/5.3.10/spring-expression-5.3.10.jar:/home/lucasheartcliff/.m2/repository/org/mariadb/jdbc/mariadb-java-client/3.1.4/mariadb-java-client-3.1.4.jar:/home/lucasheartcliff/.m2/repository/com/github/waffle/waffle-jna/3.2.0/waffle-jna-3.2.0.jar:/home/lucasheartcliff/.m2/repository/net/java/dev/jna/jna/5.12.1/jna-5.12.1.jar:/home/lucasheartcliff/.m2/repository/net/java/dev/jna/jna-platform/5.12.1/jna-platform-5.12.1.jar:/home/lucasheartcliff/.m2/repository/org/slf4j/jcl-over-slf4j/1.7.32/jcl-over-slf4j-1.7.32.jar:/home/lucasheartcliff/.m2/repository/com/github/ben-manes/caffeine/caffeine/2.9.2/caffeine-2.9.2.jar:/home/lucasheartcliff/.m2/repository/org/springframework/boot/spring-boot-starter-tomcat/2.5.5/spring-boot-starter-tomcat-2.5.5.jar:/home/lucasheartcliff/.m2/repository/jakarta/annotation/jakarta.annotation-api/1.3.5/jakarta.annotation-api-1.3.5.jar:/home/lucasheartcliff/.m2/repository/org/apache/tomcat/embed/tomcat-embed-core/9.0.53/tomcat-embed-core-9.0.53.jar:/home/lucasheartcliff/.m2/repository/org/apache/tomcat/embed/tomcat-embed-el/9.0.53/tomcat-embed-el-9.0.53.jar:/home/lucasheartcliff/.m2/repository/org/apache/tomcat/embed/tomcat-embed-websocket/9.0.53/tomcat-embed-websocket-9.0.53.jar:/home/lucasheartcliff/.m2/repository/org/springframework/boot/spring-boot-starter-test/2.5.5/spring-boot-starter-test-2.5.5.jar:/home/lucasheartcliff/.m2/repository/org/springframework/boot/spring-boot-test/2.5.5/spring-boot-test-2.5.5.jar:/home/lucasheartcliff/.m2/repository/org/springframework/boot/spring-boot-test-autoconfigure/2.5.5/spring-boot-test-autoconfigure-2.5.5.jar:/home/lucasheartcliff/.m2/repository/com/jayway/jsonpath/json-path/2.5.0/json-path-2.5.0.jar:/home/lucasheartcliff/.m2/repository/net/minidev/json-smart/2.4.7/json-smart-2.4.7.jar:/home/lucasheartcliff/.m2/repository/net/minidev/accessors-smart/2.4.7/accessors-smart-2.4.7.jar:/home/lucasheartcliff/.m2/repository/org/ow2/asm/asm/9.1/asm-9.1.jar:/home/lucasheartcliff/.m2/repository/jakarta/xml/bind/jakarta.xml.bind-api/2.3.3/jakarta.xml.bind-api-2.3.3.jar:/home/lucasheartcliff/.m2/repository/jakarta/activation/jakarta.activation-api/1.2.2/jakarta.activation-api-1.2.2.jar:/home/lucasheartcliff/.m2/repository/org/assertj/assertj-core/3.19.0/assertj-core-3.19.0.jar:/home/lucasheartcliff/.m2/repository/org/hamcrest/hamcrest/2.2/hamcrest-2.2.jar:/home/lucasheartcliff/.m2/repository/org/junit/jupiter/junit-jupiter/5.7.2/junit-jupiter-5.7.2.jar:/home/lucasheartcliff/.m2/repository/org/junit/jupiter/junit-jupiter-api/5.7.2/junit-jupiter-api-5.7.2.jar:/home/lucasheartcliff/.m2/repository/org/apiguardian/apiguardian-api/1.1.0/apiguardian-api-1.1.0.jar:/home/lucasheartcliff/.m2/repository/org/opentest4j/opentest4j/1.2.0/opentest4j-1.2.0.jar:/home/lucasheartcliff/.m2/repository/org/junit/platform/junit-platform-commons/1.7.2/junit-platform-commons-1.7.2.jar:/home/lucasheartcliff/.m2/repository/org/junit/jupiter/junit-jupiter-params/5.7.2/junit-jupiter-params-5.7.2.jar:/home/lucasheartcliff/.m2/repository/org/junit/jupiter/junit-jupiter-engine/5.7.2/junit-jupiter-engine-5.7.2.jar:/home/lucasheartcliff/.m2/repository/org/junit/platform/junit-platform-engine/1.7.2/junit-platform-engine-1.7.2.jar:/home/lucasheartcliff/.m2/repository/org/mockito/mockito-core/3.9.0/mockito-core-3.9.0.jar:/home/lucasheartcliff/.m2/repository/net/bytebuddy/byte-buddy-agent/1.10.22/byte-buddy-agent-1.10.22.jar:/home/lucasheartcliff/.m2/repository/org/objenesis/objenesis/3.2/objenesis-3.2.jar:/home/lucasheartcliff/.m2/repository/org/mockito/mockito-junit-jupiter/3.9.0/mockito-junit-jupiter-3.9.0.jar:/home/lucasheartcliff/.m2/repository/org/skyscreamer/jsonassert/1.5.0/jsonassert-1.5.0.jar:/home/lucasheartcliff/.m2/repository/com/vaadin/external/google/android-json/0.0.20131108.vaadin1/android-json-0.0.20131108.vaadin1.jar:/home/lucasheartcliff/.m2/repository/org/springframework/spring-core/5.3.10/spring-core-5.3.10.jar:/home/lucasheartcliff/.m2/repository/org/springframework/spring-jcl/5.3.10/spring-jcl-5.3.10.jar:/home/lucasheartcliff/.m2/repository/org/springframework/spring-test/5.3.10/spring-test-5.3.10.jar:/home/lucasheartcliff/.m2/repository/org/xmlunit/xmlunit-core/2.8.2/xmlunit-core-2.8.2.jar:/home/lucasheartcliff/.m2/repository/org/hibernate/hibernate-entitymanager/5.4.32.Final/hibernate-entitymanager-5.4.32.Final.jar:/home/lucasheartcliff/.m2/repository/org/jboss/logging/jboss-logging/3.4.2.Final/jboss-logging-3.4.2.Final.jar:/home/lucasheartcliff/.m2/repository/org/hibernate/hibernate-core/5.4.32.Final/hibernate-core-5.4.32.Final.jar:/home/lucasheartcliff/.m2/repository/antlr/antlr/2.7.7/antlr-2.7.7.jar:/home/lucasheartcliff/.m2/repository/org/jboss/jandex/2.2.3.Final/jandex-2.2.3.Final.jar:/home/lucasheartcliff/.m2/repository/com/fasterxml/classmate/1.5.1/classmate-1.5.1.jar:/home/lucasheartcliff/.m2/repository/org/dom4j/dom4j/2.1.3/dom4j-2.1.3.jar:/home/lucasheartcliff/.m2/repository/org/hibernate/common/hibernate-commons-annotations/5.1.2.Final/hibernate-commons-annotations-5.1.2.Final.jar:/home/lucasheartcliff/.m2/repository/javax/persistence/javax.persistence-api/2.2/javax.persistence-api-2.2.jar:/home/lucasheartcliff/.m2/repository/net/bytebuddy/byte-buddy/1.10.22/byte-buddy-1.10.22.jar:/home/lucasheartcliff/.m2/repository/org/jboss/spec/javax/transaction/jboss-transaction-api_1.2_spec/1.1.1.Final/jboss-transaction-api_1.2_spec-1.1.1.Final.jar:/home/lucasheartcliff/.m2/repository/org/hibernate/hibernate-jpamodelgen/5.4.32.Final/hibernate-jpamodelgen-5.4.32.Final.jar:/home/lucasheartcliff/.m2/repository/javax/xml/bind/jaxb-api/2.3.1/jaxb-api-2.3.1.jar:/home/lucasheartcliff/.m2/repository/org/glassfish/jaxb/jaxb-runtime/2.3.5/jaxb-runtime-2.3.5.jar:/home/lucasheartcliff/.m2/repository/org/glassfish/jaxb/txw2/2.3.5/txw2-2.3.5.jar:/home/lucasheartcliff/.m2/repository/com/sun/istack/istack-commons-runtime/3.0.12/istack-commons-runtime-3.0.12.jar:/home/lucasheartcliff/.m2/repository/com/sun/activation/jakarta.activation/1.2.2/jakarta.activation-1.2.2.jar:/home/lucasheartcliff/.m2/repository/com/zaxxer/HikariCP/5.0.1/HikariCP-5.0.1.jar:/home/lucasheartcliff/.m2/repository/org/slf4j/slf4j-api/1.7.32/slf4j-api-1.7.32.jar:/home/lucasheartcliff/.m2/repository/org/reflections/reflections/0.10.2/reflections-0.10.2.jar:/home/lucasheartcliff/.m2/repository/org/javassist/javassist/3.28.0-GA/javassist-3.28.0-GA.jar:/home/lucasheartcliff/.m2/repository/com/google/code/findbugs/jsr305/3.0.2/jsr305-3.0.2.jar:/home/lucasheartcliff/.m2/repository/org/projectlombok/lombok/1.18.26/lombok-1.18.26.jar:/home/lucasheartcliff/.m2/repository/com/google/guava/guava/31.1-jre/guava-31.1-jre.jar:/home/lucasheartcliff/.m2/repository/com/google/guava/failureaccess/1.0.1/failureaccess-1.0.1.jar:/home/lucasheartcliff/.m2/repository/com/google/guava/listenablefuture/9999.0-empty-to-avoid-conflict-with-guava/listenablefuture-9999.0-empty-to-avoid-conflict-with-guava.jar:/home/lucasheartcliff/.m2/repository/org/checkerframework/checker-qual/3.12.0/checker-qual-3.12.0.jar:/home/lucasheartcliff/.m2/repository/com/google/errorprone/error_prone_annotations/2.11.0/error_prone_annotations-2.11.0.jar:/home/lucasheartcliff/.m2/repository/com/google/j2objc/j2objc-annotations/1.3/j2objc-annotations-1.3.jar:/home/lucasheartcliff/.m2/repository/com/google/code/gson/gson/2.8.8/gson-2.8.8.jar:/home/lucasheartcliff/.m2/repository/com/fasterxml/jackson/core/jackson-core/2.13.0/jackson-core-2.13.0.jar:/home/lucasheartcliff/.m2/repository/com/fasterxml/jackson/core/jackson-databind/2.13.0/jackson-databind-2.13.0.jar:/home/lucasheartcliff/.m2/repository/com/fasterxml/jackson/core/jackson-annotations/2.12.5/jackson-annotations-2.12.5.jar:/home/lucasheartcliff/.m2/repository/com/fasterxml/jackson/dataformat/jackson-dataformat-yaml/2.13.0/jackson-dataformat-yaml-2.13.0.jar:/home/lucasheartcliff/.m2/repository/org/yaml/snakeyaml/1.28/snakeyaml-1.28.jar:/home/lucasheartcliff/.m2/repository/commons-io/commons-io/2.11.0/commons-io-2.11.0.jar:/home/lucasheartcliff/.m2/repository/org/liquibase/liquibase-core/4.22.0/liquibase-core-4.22.0.jar:/home/lucasheartcliff/.m2/repository/com/opencsv/opencsv/5.7.1/opencsv-5.7.1.jar:/home/lucasheartcliff/.m2/repository/org/apache/commons/commons-lang3/3.12.0/commons-lang3-3.12.0.jar:/home/lucasheartcliff/.m2/repository/org/apache/commons/commons-text/1.10.0/commons-text-1.10.0.jar:/home/lucasheartcliff/.m2/repository/org/apache/commons/commons-collections4/4.4/commons-collections4-4.4.jar:/home/lucasheartcliff/.m2/repository/javax/activation/javax.activation-api/1.2.0/javax.activation-api-1.2.0.jar:"/>
    <property name="sun.cpu.endian" value="little"/>
    <property name="user.home" value="/home/lucasheartcliff"/>
    <property name="user.language" value="en"/>
    <property name="java.specification.vendor" value="Oracle Corporation"/>
    <property name="java.version.date" value="2023-01-17"/>
    <property name="java.home" value="/home/lucasheartcliff/.sdkman/candidates/java/11.0.18-amzn"/>
    <property name="file.separator" value="/"/>
    <property name="basedir" value="/home/lucasheartcliff/projects/multitenant-database-persistence"/>
    <property name="java.vm.compressedOopsMode" value="Zero based"/>
    <property name="line.separator" value="&#10;"/>
    <property name="java.specification.name" value="Java Platform API Specification"/>
    <property name="java.vm.specification.vendor" value="Oracle Corporation"/>
    <property name="java.awt.graphicsenv" value="sun.awt.X11GraphicsEnvironment"/>
    <property name="surefire.real.class.path" value="/home/lucasheartcliff/projects/multitenant-database-persistence/target/surefire/surefirebooter16676995156536801265.jar"/>
    <property name="sun.management.compiler" value="HotSpot 64-Bit Tiered Compilers"/>
    <property name="java.runtime.version" value="11.0.18+10-LTS"/>
    <property name="user.name" value="lucasheartcliff"/>
    <property name="path.separator" value=":"/>
    <property name="os.version" value="6.2.15-300.fc38.x86_64"/>
    <property name="java.runtime.name" value="OpenJDK Runtime Environment"/>
    <property name="file.encoding" value="UTF-8"/>
    <property name="java.vm.name" value="OpenJDK 64-Bit Server VM"/>
    <property name="java.vendor.version" value="Corretto-11.0.18.10.1"/>
    <property name="localRepository" value="/home/lucasheartcliff/.m2/repository"/>
    <property name="java.vendor.url.bug" value="https://github.com/corretto/corretto-11/issues/"/>
    <property name="java.io.tmpdir" value="/tmp"/>
    <property name="java.version" value="11.0.18"/>
    <property name="user.dir" value="/home/lucasheartcliff/projects/multitenant-database-persistence"/>
    <property name="os.arch" value="amd64"/>
    <property name="java.vm.specification.name" value="Java Virtual Machine Specification"/>
    <property name="java.awt.printerjob" value="sun.print.PSPrinterJob"/>
    <property name="sun.os.patch.level" value="unknown"/>
    <property name="java.library.path" value="/usr/java/packages/lib:/usr/lib64:/lib64:/lib:/usr/lib"/>
    <property name="java.vm.info" value="mixed mode"/>
    <property name="java.vendor" value="Amazon.com Inc."/>
    <property name="java.vm.version" value="11.0.18+10-LTS"/>
    <property name="sun.io.unicode.encoding" value="UnicodeLittle"/>
    <property name="java.class.version" value="55.0"/>
  </properties>
  <testcase name="shouldRegisterNewTenant" classname="com.cda.controller.TenantControllerTest" time="0.847"/>
</testsuite>